#
# There is insufficient memory for the Java Runtime Environment to continue.
# Cannot create GC thread. Out of system resources.
# Possible reasons:
#   The system is out of physical RAM or swap space
#   In 32 bit mode, the process size limit was hit
# Possible solutions:
#   Reduce memory load on the system
#   Increase physical memory or swap space
#   Check if swap backing store is full
#   Use 64 bit Java on a 64 bit OS
#   Decrease Java heap size (-Xmx/-Xms)
#   Decrease number of Java threads
#   Decrease Java thread stack sizes (-Xss)
#   Set larger code cache with -XX:ReservedCodeCacheSize=
# This output file may be truncated or incomplete.
#
#  Out of Memory Error (gcTaskThread.cpp:46), pid=24747, tid=139797436212992
#
# JRE version: 7.0_25-b15
# Java VM: Java HotSpot(TM) 64-Bit Server VM (23.25-b01 mixed mode linux-amd64 compressed oops)
# Failed to write core dump. Core dumps have been disabled. To enable core dumping, try "ulimit -c unlimited" before starting Java again
#

---------------  T H R E A D  ---------------

Current thread (0x00007f251800f800):  JavaThread "Unknown thread" [_thread_in_vm, id=24752, stack(0x00007f252076a000,0x00007f252086b000)]

Stack: [0x00007f252076a000,0x00007f252086b000],  sp=0x00007f2520869620,  free space=1021k
Native frames: (J=compiled Java code, j=interpreted, Vv=VM code, C=native code)
V  [libjvm.so+0x8a1d3a]  VMError::report_and_die()+0x2ea
V  [libjvm.so+0x4071fb]  report_vm_out_of_memory(char const*, int, unsigned long, char const*)+0x9b
V  [libjvm.so+0x4b3e2a]  GCTaskThread::GCTaskThread(GCTaskManager*, unsigned int, unsigned int)+0xfa
V  [libjvm.so+0x4b2896]  GCTaskManager::initialize()+0x266
V  [libjvm.so+0x75dc4f]  ParallelScavengeHeap::initialize()+0x6cf
V  [libjvm.so+0x87a078]  Universe::initialize_heap()+0xb8
V  [libjvm.so+0x87c7ed]  universe_init()+0x7d
V  [libjvm.so+0x500315]  init_globals()+0x65
V  [libjvm.so+0x863a62]  Threads::create_vm(JavaVMInitArgs*, bool*)+0x1e2
V  [libjvm.so+0x55ff34]  JNI_CreateJavaVM+0x74
C  [libjli.so+0x2f8e]  JavaMain+0x9e


---------------  P R O C E S S  ---------------

Java Threads: ( => current thread )

Other Threads:

=>0x00007f251800f800 (exited) JavaThread "Unknown thread" [_thread_in_vm, id=24752, stack(0x00007f252076a000,0x00007f252086b000)]

VM state:not at safepoint (not fully initialized)

VM Mutex/Monitor currently owned by a thread: None

GC Heap History (0 events):
No events

Deoptimization events (0 events):
No events

Internal exceptions (0 events):
No events

Events (0 events):
No events


Dynamic libraries:
00400000-00401000 r-xp 00000000 fd:06 792513                             /softwares/java/jdk1.7.0_25/bin/java
00600000-00601000 rw-p 00000000 fd:06 792513                             /softwares/java/jdk1.7.0_25/bin/java
00a67000-00a88000 rw-p 00000000 00:00 0                                  [heap]
704e00000-7062c0000 rw-p 00000000 00:00 0 
7062c0000-70a000000 rw-p 00000000 00:00 0 
70a000000-714400000 rw-p 00000000 00:00 0 
714400000-7ae000000 rw-p 00000000 00:00 0 
7ae000000-7b31f0000 rw-p 00000000 00:00 0 
7b31f0000-800000000 rw-p 00000000 00:00 0 
7f2515000000-7f2515270000 rwxp 00000000 00:00 0 
7f2515270000-7f251802a000 rw-p 00000000 00:00 0 
7f251802a000-7f251c000000 ---p 00000000 00:00 0 
7f251d0d2000-7f251d2ca000 rw-p 00000000 00:00 0 
7f251d2ca000-7f251d2cb000 ---p 00000000 00:00 0 
7f251d2cb000-7f251d3cb000 rw-p 00000000 00:00 0 
7f251d3cb000-7f251d3cc000 ---p 00000000 00:00 0 
7f251d3cc000-7f251d4d7000 rw-p 00000000 00:00 0                          [stack:24753]
7f251d4d7000-7f251d4f5000 rw-p 00000000 00:00 0 
7f251d4f5000-7f251d547000 rw-p 00000000 00:00 0 
7f251d547000-7f251da15000 rw-p 00000000 00:00 0 
7f251da15000-7f251da20000 rw-p 00000000 00:00 0 
7f251da20000-7f251da3e000 rw-p 00000000 00:00 0 
7f251da3e000-7f251da90000 rw-p 00000000 00:00 0 
7f251da90000-7f251df5e000 rw-p 00000000 00:00 0 
7f251df5e000-7f251df87000 rw-p 00000000 00:00 0 
7f251df87000-7f251e1ee000 rw-p 00000000 00:00 0 
7f251e1ee000-7f251e1ef000 rw-p 00000000 00:00 0 
7f251e1ef000-7f251e20a000 r-xp 00000000 fd:06 1051446                    /softwares/java/jdk1.7.0_25/jre/lib/amd64/libzip.so
7f251e20a000-7f251e409000 ---p 0001b000 fd:06 1051446                    /softwares/java/jdk1.7.0_25/jre/lib/amd64/libzip.so
7f251e409000-7f251e40a000 rw-p 0001a000 fd:06 1051446                    /softwares/java/jdk1.7.0_25/jre/lib/amd64/libzip.so
7f251e40a000-7f251e415000 r-xp 00000000 fd:01 8529356                    /usr/lib64/libnss_files-2.18.so
7f251e415000-7f251e614000 ---p 0000b000 fd:01 8529356                    /usr/lib64/libnss_files-2.18.so
7f251e614000-7f251e615000 r--p 0000a000 fd:01 8529356                    /usr/lib64/libnss_files-2.18.so
7f251e615000-7f251e616000 rw-p 0000b000 fd:01 8529356                    /usr/lib64/libnss_files-2.18.so
7f251e616000-7f251e63f000 r-xp 00000000 fd:06 1051415                    /softwares/java/jdk1.7.0_25/jre/lib/amd64/libjava.so
7f251e63f000-7f251e83f000 ---p 00029000 fd:06 1051415                    /softwares/java/jdk1.7.0_25/jre/lib/amd64/libjava.so
7f251e83f000-7f251e841000 rw-p 00029000 fd:06 1051415                    /softwares/java/jdk1.7.0_25/jre/lib/amd64/libjava.so
7f251e841000-7f251e84e000 r-xp 00000000 fd:06 1051445                    /softwares/java/jdk1.7.0_25/jre/lib/amd64/libverify.so
7f251e84e000-7f251ea4d000 ---p 0000d000 fd:06 1051445                    /softwares/java/jdk1.7.0_25/jre/lib/amd64/libverify.so
7f251ea4d000-7f251ea4f000 rw-p 0000c000 fd:06 1051445                    /softwares/java/jdk1.7.0_25/jre/lib/amd64/libverify.so
7f251ea4f000-7f251ea56000 r-xp 00000000 fd:01 8529359                    /usr/lib64/librt-2.18.so
7f251ea56000-7f251ec55000 ---p 00007000 fd:01 8529359                    /usr/lib64/librt-2.18.so
7f251ec55000-7f251ec56000 r--p 00006000 fd:01 8529359                    /usr/lib64/librt-2.18.so
7f251ec56000-7f251ec57000 rw-p 00007000 fd:01 8529359                    /usr/lib64/librt-2.18.so
7f251ec57000-7f251ed5c000 r-xp 00000000 fd:01 8529353                    /usr/lib64/libm-2.18.so
7f251ed5c000-7f251ef5c000 ---p 00105000 fd:01 8529353                    /usr/lib64/libm-2.18.so
7f251ef5c000-7f251ef5d000 r--p 00105000 fd:01 8529353                    /usr/lib64/libm-2.18.so
7f251ef5d000-7f251ef5e000 rw-p 00106000 fd:01 8529353                    /usr/lib64/libm-2.18.so
7f251ef5e000-7f251f99f000 r-xp 00000000 fd:06 1051450                    /softwares/java/jdk1.7.0_25/jre/lib/amd64/server/libjvm.so
7f251f99f000-7f251fb9f000 ---p 00a41000 fd:06 1051450                    /softwares/java/jdk1.7.0_25/jre/lib/amd64/server/libjvm.so
7f251fb9f000-7f251fc42000 rw-p 00a41000 fd:06 1051450                    /softwares/java/jdk1.7.0_25/jre/lib/amd64/server/libjvm.so
7f251fc42000-7f251fc7e000 rw-p 00000000 00:00 0 
7f251fc7e000-7f251fe32000 r-xp 00000000 fd:01 8527698                    /usr/lib64/libc-2.18.so
7f251fe32000-7f2520031000 ---p 001b4000 fd:01 8527698                    /usr/lib64/libc-2.18.so
7f2520031000-7f2520035000 r--p 001b3000 fd:01 8527698                    /usr/lib64/libc-2.18.so
7f2520035000-7f2520037000 rw-p 001b7000 fd:01 8527698                    /usr/lib64/libc-2.18.so
7f2520037000-7f252003c000 rw-p 00000000 00:00 0 
7f252003c000-7f252003f000 r-xp 00000000 fd:01 8529352                    /usr/lib64/libdl-2.18.so
7f252003f000-7f252023e000 ---p 00003000 fd:01 8529352                    /usr/lib64/libdl-2.18.so
7f252023e000-7f252023f000 r--p 00002000 fd:01 8529352                    /usr/lib64/libdl-2.18.so
7f252023f000-7f2520240000 rw-p 00003000 fd:01 8529352                    /usr/lib64/libdl-2.18.so
7f2520240000-7f2520256000 r-xp 00000000 fd:06 1051448                    /softwares/java/jdk1.7.0_25/jre/lib/amd64/jli/libjli.so
7f2520256000-7f2520456000 ---p 00016000 fd:06 1051448                    /softwares/java/jdk1.7.0_25/jre/lib/amd64/jli/libjli.so
7f2520456000-7f2520457000 rw-p 00016000 fd:06 1051448                    /softwares/java/jdk1.7.0_25/jre/lib/amd64/jli/libjli.so
7f2520457000-7f252046f000 r-xp 00000000 fd:01 8528220                    /usr/lib64/libpthread-2.18.so
7f252046f000-7f252066e000 ---p 00018000 fd:01 8528220                    /usr/lib64/libpthread-2.18.so
7f252066e000-7f252066f000 r--p 00017000 fd:01 8528220                    /usr/lib64/libpthread-2.18.so
7f252066f000-7f2520670000 rw-p 00018000 fd:01 8528220                    /usr/lib64/libpthread-2.18.so
7f2520670000-7f2520674000 rw-p 00000000 00:00 0 
7f2520674000-7f2520694000 r-xp 00000000 fd:01 8530790                    /usr/lib64/ld-2.18.so
7f25206aa000-7f25206b4000 rw-p 00000000 00:00 0 
7f25206b4000-7f252076a000 rw-p 00000000 00:00 0 
7f252076a000-7f252076d000 ---p 00000000 00:00 0 
7f252076d000-7f252086f000 rw-p 00000000 00:00 0                          [stack:24752]
7f2520886000-7f2520888000 rw-p 00000000 00:00 0 
7f2520888000-7f2520890000 rw-s 00000000 00:21 3762471                    /tmp/hsperfdata_lgao/24747
7f2520890000-7f2520891000 rw-p 00000000 00:00 0 
7f2520891000-7f2520892000 r--p 00000000 00:00 0 
7f2520892000-7f2520893000 rw-p 00000000 00:00 0 
7f2520893000-7f2520894000 r--p 0001f000 fd:01 8530790                    /usr/lib64/ld-2.18.so
7f2520894000-7f2520895000 rw-p 00020000 fd:01 8530790                    /usr/lib64/ld-2.18.so
7f2520895000-7f2520896000 rw-p 00000000 00:00 0 
7fff2ce6c000-7fff2ce91000 rw-p 00000000 00:00 0                          [stack]
7fff2cf46000-7fff2cf48000 r--p 00000000 00:00 0                          [vvar]
7fff2cf48000-7fff2cf4a000 r-xp 00000000 00:00 0                          [vdso]
ffffffffff600000-ffffffffff601000 r-xp 00000000 00:00 0                  [vsyscall]

VM Arguments:
jvm_args: -Dfile.encoding=UTF-8 
java_command: org.jboss.eap.trackers.utils.SchemaExporter
Launcher Type: SUN_STANDARD

Environment Variables:
JAVA_HOME=/softwares/java/default
PATH=/softwares/dex2jar/default:/softwares/thrift/default/bin:/softwares/cassandra/default/bin:/softwares/andriod-sdk/default/tools:/softwares/andriod-sdk/default/platform-tools:/softwares/nodejs/default/bin:/softwares/deck2pdf/default/bin:/softwares/jmeter/default/bin:/softwares/groovy/default/bin:/softwares/vertx/default/bin:/softwares/gradle/default/bin:/home/lgao/bin:/softwares/byteman/default/bin:/softwares/maven/default/bin:/softwares/ant/default/bin:/softwares/java/default/bin:/usr/lib64/qt-3.3/bin:/usr/local/bin:/usr/bin:/bin:/usr/local/sbin:/usr/sbin:/home/lgao/.local/bin:/home/lgao/bin
USERNAME=lgao
SHELL=/bin/bash
DISPLAY=:0

Signal Handlers:
SIGSEGV: [libjvm.so+0x8a26a0], sa_mask[0]=0x7ffbfeff, sa_flags=0x10000004
SIGBUS: [libjvm.so+0x8a26a0], sa_mask[0]=0x7ffbfeff, sa_flags=0x10000004
SIGFPE: [libjvm.so+0x73f3d0], sa_mask[0]=0x7ffbfeff, sa_flags=0x10000004
SIGPIPE: [libjvm.so+0x73f3d0], sa_mask[0]=0x7ffbfeff, sa_flags=0x10000004
SIGXFSZ: [libjvm.so+0x73f3d0], sa_mask[0]=0x7ffbfeff, sa_flags=0x10000004
SIGILL: [libjvm.so+0x73f3d0], sa_mask[0]=0x7ffbfeff, sa_flags=0x10000004
SIGUSR1: SIG_DFL, sa_mask[0]=0x00000000, sa_flags=0x00000000
SIGUSR2: [libjvm.so+0x73ed20], sa_mask[0]=0x00000004, sa_flags=0x10000004
SIGHUP: SIG_DFL, sa_mask[0]=0x00000000, sa_flags=0x00000000
SIGINT: SIG_DFL, sa_mask[0]=0x00000000, sa_flags=0x00000000
SIGTERM: SIG_DFL, sa_mask[0]=0x00000000, sa_flags=0x00000000
SIGQUIT: SIG_DFL, sa_mask[0]=0x00000000, sa_flags=0x00000000


---------------  S Y S T E M  ---------------

OS:Fedora release 20 (Heisenbug)

uname:Linux 3.17.7-200.fc20.x86_64 #1 SMP Wed Dec 17 03:35:33 UTC 2014 x86_64
libc:glibc 2.18 NPTL 2.18 
rlimit: STACK 8192k, CORE 0k, NPROC 1024, NOFILE 4096, AS infinity
load average:0.20 0.26 0.32

/proc/meminfo:
MemTotal:       16115840 kB
MemFree:          392216 kB
MemAvailable:    7373380 kB
Buffers:          467808 kB
Cached:          5337380 kB
SwapCached:          208 kB
Active:          9046740 kB
Inactive:        3184224 kB
Active(anon):    6579632 kB
Inactive(anon):  1513392 kB
Active(file):    2467108 kB
Inactive(file):  1670832 kB
Unevictable:         760 kB
Mlocked:             760 kB
SwapTotal:       8069116 kB
SwapFree:        8011412 kB
Dirty:               264 kB
Writeback:             0 kB
AnonPages:       6427144 kB
Mapped:           817324 kB
Shmem:           1666872 kB
Slab:            3178844 kB
SReclaimable:    3096640 kB
SUnreclaim:        82204 kB
KernelStack:       21120 kB
PageTables:       106084 kB
NFS_Unstable:          0 kB
Bounce:                0 kB
WritebackTmp:          0 kB
CommitLimit:    16127036 kB
Committed_AS:   19773368 kB
VmallocTotal:   34359738367 kB
VmallocUsed:      413612 kB
VmallocChunk:   34359226740 kB
HardwareCorrupted:     0 kB
AnonHugePages:         0 kB
HugePages_Total:       0
HugePages_Free:        0
HugePages_Rsvd:        0
HugePages_Surp:        0
Hugepagesize:       2048 kB
DirectMap4k:      118092 kB
DirectMap2M:     5851136 kB
DirectMap1G:    10485760 kB


CPU:total 4 (2 cores per cpu, 2 threads per core) family 6 model 60 stepping 3, cmov, cx8, fxsr, mmx, sse, sse2, sse3, ssse3, sse4.1, sse4.2, popcnt, avx, avx2, ht, tsc, tscinvbit

/proc/cpuinfo:
processor	: 0
vendor_id	: GenuineIntel
cpu family	: 6
model		: 60
model name	: Intel(R) Core(TM) i7-4600M CPU @ 2.90GHz
stepping	: 3
microcode	: 0x1a
cpu MHz		: 3599.964
cache size	: 4096 KB
physical id	: 0
siblings	: 4
core id		: 0
cpu cores	: 2
apicid		: 0
initial apicid	: 0
fpu		: yes
fpu_exception	: yes
cpuid level	: 13
wp		: yes
flags		: fpu vme de pse tsc msr pae mce cx8 apic sep mtrr pge mca cmov pat pse36 clflush dts acpi mmx fxsr sse sse2 ss ht tm pbe syscall nx pdpe1gb rdtscp lm constant_tsc arch_perfmon pebs bts rep_good nopl xtopology nonstop_tsc aperfmperf eagerfpu pni pclmulqdq dtes64 monitor ds_cpl vmx smx est tm2 ssse3 fma cx16 xtpr pdcm pcid sse4_1 sse4_2 x2apic movbe popcnt tsc_deadline_timer aes xsave avx f16c rdrand lahf_lm abm ida arat epb pln pts dtherm tpr_shadow vnmi flexpriority ept vpid fsgsbase tsc_adjust bmi1 hle avx2 smep bmi2 erms invpcid rtm xsaveopt
bugs		:
bogomips	: 5787.01
clflush size	: 64
cache_alignment	: 64
address sizes	: 39 bits physical, 48 bits virtual
power management:

processor	: 1
vendor_id	: GenuineIntel
cpu family	: 6
model		: 60
model name	: Intel(R) Core(TM) i7-4600M CPU @ 2.90GHz
stepping	: 3
microcode	: 0x1a
cpu MHz		: 3590.562
cache size	: 4096 KB
physical id	: 0
siblings	: 4
core id		: 0
cpu cores	: 2
apicid		: 1
initial apicid	: 1
fpu		: yes
fpu_exception	: yes
cpuid level	: 13
wp		: yes
flags		: fpu vme de pse tsc msr pae mce cx8 apic sep mtrr pge mca cmov pat pse36 clflush dts acpi mmx fxsr sse sse2 ss ht tm pbe syscall nx pdpe1gb rdtscp lm constant_tsc arch_perfmon pebs bts rep_good nopl xtopology nonstop_tsc aperfmperf eagerfpu pni pclmulqdq dtes64 monitor ds_cpl vmx smx est tm2 ssse3 fma cx16 xtpr pdcm pcid sse4_1 sse4_2 x2apic movbe popcnt tsc_deadline_timer aes xsave avx f16c rdrand lahf_lm abm ida arat epb pln pts dtherm tpr_shadow vnmi flexpriority ept vpid fsgsbase tsc_adjust bmi1 hle avx2 smep bmi2 erms invpcid rtm xsaveopt
bugs		:
bogomips	: 5787.01
clflush size	: 64
cache_alignment	: 64
address sizes	: 39 bits physical, 48 bits virtual
power management:

processor	: 2
vendor_id	: GenuineIntel
cpu family	: 6
model		: 60
model name	: Intel(R) Core(TM) i7-4600M CPU @ 2.90GHz
stepping	: 3
microcode	: 0x1a
cpu MHz		: 3582.859
cache size	: 4096 KB
physical id	: 0
siblings	: 4
core id		: 1
cpu cores	: 2
apicid		: 2
initial apicid	: 2
fpu		: yes
fpu_exception	: yes
cpuid level	: 13
wp		: yes
flags		: fpu vme de pse tsc msr pae mce cx8 apic sep mtrr pge mca cmov pat pse36 clflush dts acpi mmx fxsr sse sse2 ss ht tm pbe syscall nx pdpe1gb rdtscp lm constant_tsc arch_perfmon pebs bts rep_good nopl xtopology nonstop_tsc aperfmperf eagerfpu pni pclmulqdq dtes64 monitor ds_cpl vmx smx est tm2 ssse3 fma cx16 xtpr pdcm pcid sse4_1 sse4_2 x2apic movbe popcnt tsc_deadline_timer aes xsave avx f16c rdrand lahf_lm abm ida arat epb pln pts dtherm tpr_shadow vnmi flexpriority ept vpid fsgsbase tsc_adjust bmi1 hle avx2 smep bmi2 erms invpcid rtm xsaveopt
bugs		:
bogomips	: 5787.01
clflush size	: 64
cache_alignment	: 64
address sizes	: 39 bits physical, 48 bits virtual
power management:

processor	: 3
vendor_id	: GenuineIntel
cpu family	: 6
model		: 60
model name	: Intel(R) Core(TM) i7-4600M CPU @ 2.90GHz
stepping	: 3
microcode	: 0x1a
cpu MHz		: 3523.273
cache size	: 4096 KB
physical id	: 0
siblings	: 4
core id		: 1
cpu cores	: 2
apicid		: 3
initial apicid	: 3
fpu		: yes
fpu_exception	: yes
cpuid level	: 13
wp		: yes
flags		: fpu vme de pse tsc msr pae mce cx8 apic sep mtrr pge mca cmov pat pse36 clflush dts acpi mmx fxsr sse sse2 ss ht tm pbe syscall nx pdpe1gb rdtscp lm constant_tsc arch_perfmon pebs bts rep_good nopl xtopology nonstop_tsc aperfmperf eagerfpu pni pclmulqdq dtes64 monitor ds_cpl vmx smx est tm2 ssse3 fma cx16 xtpr pdcm pcid sse4_1 sse4_2 x2apic movbe popcnt tsc_deadline_timer aes xsave avx f16c rdrand lahf_lm abm ida arat epb pln pts dtherm tpr_shadow vnmi flexpriority ept vpid fsgsbase tsc_adjust bmi1 hle avx2 smep bmi2 erms invpcid rtm xsaveopt
bugs		:
bogomips	: 5787.01
clflush size	: 64
cache_alignment	: 64
address sizes	: 39 bits physical, 48 bits virtual
power management:



Memory: 4k page, physical 16115840k(392216k free), swap 8069116k(8011412k free)

vm_info: Java HotSpot(TM) 64-Bit Server VM (23.25-b01) for linux-amd64 JRE (1.7.0_25-b15), built on Jun  5 2013 20:48:36 by "java_re" with gcc 4.3.0 20080428 (Red Hat 4.3.0-8)

time: Fri Feb  6 16:29:04 2015
elapsed time: 0 seconds

