12 Nov 2014 17:52:18,036 INFO  [main]: IRC Host Name is NOT specified, will use default host name: irc.devel.redhat.com
12 Nov 2014 17:52:18,036 INFO  [main]: IRC User Name is NOT specified, will use default user name: trackerbot2
12 Nov 2014 17:52:18,036 INFO  [main]: IRC Nick Name is NOT speicified, will use the User Name: trackerbot2 as the nick name.
12 Nov 2014 17:52:18,037 INFO  [main]: IRC Real Name is NOT speicified, will use the User Name: trackerbot2 as the nick name.
12 Nov 2014 17:52:18,037 INFO  [main]: IRC channels are NOT specified, will use default channels: [#trackerbot-channel]
12 Nov 2014 17:52:18,037 INFO  [main]: Tracker REST API is NOT specified, will use default API: http://10.66.78.40:8080/trackers/api/
12 Nov 2014 17:52:18,048 INFO  [main]: Apache Camel 2.13.2 starting
12 Nov 2014 17:52:18,980 DEBUG [main]: Adding routes from builder: Routes: []
12 Nov 2014 17:52:19,011 INFO  [main]: Apache Camel 2.13.2 (CamelContext: camel-1) is starting
12 Nov 2014 17:52:19,011 DEBUG [main]: Using ClassResolver=org.apache.camel.impl.DefaultClassResolver@6bb7c984, PackageScanClassResolver=org.apache.camel.impl.DefaultPackageScanClassResolver@6f0f305b, ApplicationContextClassLoader=sun.misc.Launcher$AppClassLoader@3b6cdbb8
12 Nov 2014 17:52:19,012 INFO  [main]: JMX is enabled
12 Nov 2014 17:52:19,154 DEBUG [main]: Starting JMX agent on server: com.sun.jmx.mbeanserver.JmxMBeanServer@7a4c18ac
12 Nov 2014 17:52:19,229 DEBUG [main]: Registered MBean with ObjectName: org.apache.camel:context=camel-1,type=context,name="camel-1"
12 Nov 2014 17:52:19,230 DEBUG [main]: Added TimerListener: org.apache.camel.management.mbean.ManagedCamelContext@5c3cee0d
12 Nov 2014 17:52:19,275 DEBUG [main]: Registered MBean with ObjectName: org.apache.camel:context=camel-1,type=services,name=DefaultTypeConverter
12 Nov 2014 17:52:19,283 DEBUG [main]: Found 3 packages with 15 @Converter classes to load
12 Nov 2014 17:52:19,321 DEBUG [main]: Loading file META-INF/services/org/apache/camel/TypeConverter to retrieve list of packages, from url: jar:file:/sources/trackers/irc/target/trackers-irc-1.0.0-SNAPSHOT-cli.jar!/META-INF/services/org/apache/camel/TypeConverter
12 Nov 2014 17:52:19,321 DEBUG [main]: No additional package names found in classpath for annotated type converters.
12 Nov 2014 17:52:19,322 INFO  [main]: Loaded 178 type converters
12 Nov 2014 17:52:19,329 DEBUG [main]: Registered MBean with ObjectName: org.apache.camel:context=camel-1,type=services,name=EndpointRegistry
12 Nov 2014 17:52:19,332 DEBUG [main]: Registered MBean with ObjectName: org.apache.camel:context=camel-1,type=services,name=DefaultExecutorServiceManager
12 Nov 2014 17:52:19,335 DEBUG [main]: Registered MBean with ObjectName: org.apache.camel:context=camel-1,type=services,name=SharedProducerServicePool
12 Nov 2014 17:52:19,335 DEBUG [main]: Starting service pool: org.apache.camel.impl.SharedProducerServicePool@1e077d66
12 Nov 2014 17:52:19,338 DEBUG [main]: Registered MBean with ObjectName: org.apache.camel:context=camel-1,type=services,name=DefaultInflightRepository
12 Nov 2014 17:52:19,341 DEBUG [main]: Registered MBean with ObjectName: org.apache.camel:context=camel-1,type=services,name=DefaultShutdownStrategy
12 Nov 2014 17:52:19,344 DEBUG [main]: Registered MBean with ObjectName: org.apache.camel:context=camel-1,type=services,name=DefaultPackageScanClassResolver
12 Nov 2014 17:52:19,346 DEBUG [main]: Registered MBean with ObjectName: org.apache.camel:context=camel-1,type=eventnotifiers,name=EventNotifier(0x52e18cef)
12 Nov 2014 17:52:19,355 DEBUG [main]: Using ComponentResolver: org.apache.camel.impl.DefaultComponentResolver@77c3510 to resolve component with name: irc
12 Nov 2014 17:52:19,355 DEBUG [main]: Found component: irc in registry: null
12 Nov 2014 17:52:19,356 DEBUG [main]: Found component: irc via type: org.apache.camel.component.irc.IrcComponent via: META-INF/services/org/apache/camel/component/irc
12 Nov 2014 17:52:19,366 DEBUG [main]: Registered MBean with ObjectName: org.apache.camel:context=camel-1,type=components,name="irc"
12 Nov 2014 17:52:19,372 DEBUG [main]: Creating endpoint uri=[irc://trackerbot2@irc.devel.redhat.com:6667?onReply=true&realname=trackerbot2&channel=trackerbot-channel], path=[trackerbot2@irc.devel.redhat.com:6667]
12 Nov 2014 17:52:19,377 DEBUG [main]: Configured property: onReply on bean: IrcConfiguration[hostname: irc.devel.redhat.com, ports=[6667], username=trackerbot2] with value: true
12 Nov 2014 17:52:19,377 DEBUG [main]: Configured property: realname on bean: IrcConfiguration[hostname: irc.devel.redhat.com, ports=[6667], username=trackerbot2] with value: trackerbot2
12 Nov 2014 17:52:19,378 DEBUG [main]: Configured property: channel on bean: IrcConfiguration[hostname: irc.devel.redhat.com, ports=[6667], username=trackerbot2] with value: trackerbot-channel
12 Nov 2014 17:52:19,386 DEBUG [main]: irc://trackerbot2@irc.devel.redhat.com:6667?channels=%23trackerbot-channel&nickname=trackerbot2&onReply=true&realname=trackerbot2 converted to endpoint: Endpoint[irc://trackerbot2@irc.devel.redhat.com:6667?onReply=true&realname=trackerbot2&channel=trackerbot-channel] by component: org.apache.camel.component.irc.IrcComponent@25040c15
12 Nov 2014 17:52:19,390 DEBUG [main]: Registered MBean with ObjectName: org.apache.camel:context=camel-1,type=endpoints,name="irc://trackerbot2@irc.devel.redhat.com:6667\?onReply=true&realname=trackerbot2&channel=trackerbot-channel"
12 Nov 2014 17:52:19,405 DEBUG [main]: Using ComponentResolver: org.apache.camel.impl.DefaultComponentResolver@77c3510 to resolve component with name: bean
12 Nov 2014 17:52:19,406 DEBUG [main]: Found component: bean in registry: null
12 Nov 2014 17:52:19,406 DEBUG [main]: Found component: bean via type: org.apache.camel.component.bean.BeanComponent via: META-INF/services/org/apache/camel/component/bean
12 Nov 2014 17:52:19,409 DEBUG [main]: Registered MBean with ObjectName: org.apache.camel:context=camel-1,type=components,name="bean"
12 Nov 2014 17:52:19,420 DEBUG [main]: Initialize channel for target: 'Bean[org.jboss.eap.trackers.ircbot.TrackerIRCBean@7cb5549e]'
12 Nov 2014 17:52:19,428 DEBUG [main]: Registered MBean with ObjectName: org.apache.camel:context=camel-1,type=tracer,name=BacklogTracer
12 Nov 2014 17:52:19,437 DEBUG [main]: Registered MBean with ObjectName: org.apache.camel:context=camel-1,type=tracer,name=BacklogDebugger
12 Nov 2014 17:52:19,461 DEBUG [main]: Registered MBean with ObjectName: org.apache.camel:context=camel-1,type=errorhandlers,name="DefaultErrorHandlerBuilder(ref:CamelDefaultErrorHandlerBuilder)"
12 Nov 2014 17:52:19,462 DEBUG [main]: Initialize channel for target: 'Choice[[When[{header{irc.messageType} == PRIVMSG} -> [Bean[org.jboss.eap.trackers.ircbot.TrackerIRCBean@7cb5549e]]]]]'
12 Nov 2014 17:52:19,468 INFO  [main]: AllowUseOriginalMessage is enabled. If access to the original message is not needed, then its recommended to turn this option off as it may improve performance.
12 Nov 2014 17:52:19,469 INFO  [main]: StreamCaching is not in use. If using streams then its recommended to enable stream caching. See more details at http://camel.apache.org/stream-caching.html
12 Nov 2014 17:52:19,470 DEBUG [main]: Warming up route id: route1 having autoStartup=true
12 Nov 2014 17:52:19,470 DEBUG [main]: Starting services on route: route1
12 Nov 2014 17:52:19,472 DEBUG [main]: Creating Connection to irc.devel.redhat.com destination(s): #trackerbot-channel nick: trackerbot2 user: trackerbot2
12 Nov 2014 17:52:19,473 DEBUG [main]: Adding IRC event logging listener
12 Nov 2014 17:52:20,771 DEBUG [main]: Starting child service on route: route1 -> Channel[choice{when Filter[if: header{irc.messageType} == PRIVMSG do: Channel[BeanProcessor[org.jboss.eap.trackers.ircbot.TrackerIRCBean(0x7cb5549e)]]]}]
12 Nov 2014 17:52:20,772 DEBUG [main]: Redelivery enabled: false on error handler: DefaultErrorHandler[Instrumentation:bean[BeanProcessor[org.jboss.eap.trackers.ircbot.TrackerIRCBean(0x7cb5549e)]]]
12 Nov 2014 17:52:20,772 DEBUG [main]: Redelivery enabled: false on error handler: DefaultErrorHandler[Instrumentation:choice[choice{when Filter[if: header{irc.messageType} == PRIVMSG do: Channel[BeanProcessor[org.jboss.eap.trackers.ircbot.TrackerIRCBean(0x7cb5549e)]]]}]]
12 Nov 2014 17:52:20,773 DEBUG [main]: Starting child service on route: route1 -> choice{when Filter[if: header{irc.messageType} == PRIVMSG do: Channel[BeanProcessor[org.jboss.eap.trackers.ircbot.TrackerIRCBean(0x7cb5549e)]]]}
12 Nov 2014 17:52:20,798 DEBUG [main]: Registered MBean with ObjectName: org.apache.camel:context=camel-1,type=processors,name="choice1"
12 Nov 2014 17:52:20,798 DEBUG [main]: Starting child service on route: route1 -> Channel[choice{when Filter[if: header{irc.messageType} == PRIVMSG do: Channel[BeanProcessor[org.jboss.eap.trackers.ircbot.TrackerIRCBean(0x7cb5549e)]]]}]
12 Nov 2014 17:52:20,798 DEBUG [main]: Starting child service on route: route1 -> Filter[if: header{irc.messageType} == PRIVMSG do: Channel[BeanProcessor[org.jboss.eap.trackers.ircbot.TrackerIRCBean(0x7cb5549e)]]]
12 Nov 2014 17:52:20,798 DEBUG [main]: Starting child service on route: route1 -> BeanProcessor[org.jboss.eap.trackers.ircbot.TrackerIRCBean(0x7cb5549e)]
12 Nov 2014 17:52:20,816 DEBUG [main]: Registered MBean with ObjectName: org.apache.camel:context=camel-1,type=processors,name="bean1"
12 Nov 2014 17:52:20,817 DEBUG [main]: Starting child service on route: route1 -> Channel[BeanProcessor[org.jboss.eap.trackers.ircbot.TrackerIRCBean(0x7cb5549e)]]
12 Nov 2014 17:52:20,844 DEBUG [main]: Registered MBean with ObjectName: org.apache.camel:context=camel-1,type=routes,name="route1"
12 Nov 2014 17:52:20,845 DEBUG [main]: Added TimerListener: org.apache.camel.management.mbean.ManagedSuspendableRoute@7ae40efd
12 Nov 2014 17:52:20,846 DEBUG [main]: Route: route1 >>> EventDrivenConsumerRoute[Endpoint[irc://trackerbot2@irc.devel.redhat.com:6667?onReply=true&realname=trackerbot2&channel=trackerbot-channel] -> Channel[choice{when Filter[if: header{irc.messageType} == PRIVMSG do: Channel[BeanProcessor[org.jboss.eap.trackers.ircbot.TrackerIRCBean(0x7cb5549e)]]]}]]
12 Nov 2014 17:52:20,846 DEBUG [main]: Starting consumer (order: 1000) on route: route1
12 Nov 2014 17:52:20,856 DEBUG [main]: Registered MBean with ObjectName: org.apache.camel:context=camel-1,type=consumers,name=IrcConsumer(0x4a0848f6)
12 Nov 2014 17:52:20,857 DEBUG [main]: Starting consumer: Consumer[irc://trackerbot2@irc.devel.redhat.com:6667?onReply=true&realname=trackerbot2&channel=trackerbot-channel]
12 Nov 2014 17:52:20,858 DEBUG [main]: Returning Cached Connection to irc.devel.redhat.com:trackerbot2
12 Nov 2014 17:52:20,859 DEBUG [main]: Joining: org.apache.camel.component.irc.IrcChannel@3620f49e using org.schwering.irc.lib.IRCConnection
12 Nov 2014 17:52:20,860 INFO  [main]: Route: route1 started and consuming from: Endpoint[irc://trackerbot2@irc.devel.redhat.com:6667?onReply=true&realname=trackerbot2&channel=trackerbot-channel]
12 Nov 2014 17:52:20,860 DEBUG [main]: Load performance statistics disabled
12 Nov 2014 17:52:20,861 INFO  [main]: Total 1 routes, of which 1 is started.
12 Nov 2014 17:52:20,863 INFO  [main]: Apache Camel 2.13.2 (CamelContext: camel-1) started in 1.851 seconds
12 Nov 2014 17:52:21,350 DEBUG [Thread-2]: Server: irc.devel.redhat.com - onNotice target=AUTH user=null msg="*** Processing connection to irc.devel.redhat.com"
12 Nov 2014 17:52:21,840 DEBUG [Thread-2]: Server: irc.devel.redhat.com - onNotice target=AUTH user=null msg="*** Looking up your hostname..."
12 Nov 2014 17:52:21,840 DEBUG [Thread-2]: Server: irc.devel.redhat.com - onNotice target=AUTH user=null msg="*** Checking Ident"
12 Nov 2014 17:52:21,840 DEBUG [Thread-2]: Server: irc.devel.redhat.com - onNotice target=AUTH user=null msg="*** Found your hostname"
12 Nov 2014 17:52:21,978 DEBUG [Thread-2]: Server: irc.devel.redhat.com - onNotice target=AUTH user=null msg="*** No Ident response"
12 Nov 2014 17:52:21,979 INFO  [Thread-2]: Server: irc.devel.redhat.com - onRegistered
12 Nov 2014 17:52:21,993 DEBUG [Thread-2]: Server: irc.devel.redhat.com - onReply num=1 value="trackerbot2" msg="Welcome to the RHAT Internet Relay Chat Network trackerbot2"
12 Nov 2014 17:52:21,994 DEBUG [Thread-2]: Server: irc.devel.redhat.com - onReply num=2 value="trackerbot2" msg="Your host is irc.devel.redhat.com[10.10.161.32/6667], running version ircd-ratbox-2.2.8"
12 Nov 2014 17:52:21,995 DEBUG [Thread-2]: Server: irc.devel.redhat.com - onReply num=3 value="trackerbot2" msg="This server was created Wed Jan 9 2013 at 12:06:18 EST"
12 Nov 2014 17:52:21,995 DEBUG [Thread-2]: Server: irc.devel.redhat.com - onReply num=4 value="trackerbot2 irc.devel.redhat.com ircd-ratbox-2.2.8 oiwszcerkfydnxbauglZCD biklmnopstveI" msg="bkloveI"
12 Nov 2014 17:52:21,996 DEBUG [Thread-2]: Server: irc.devel.redhat.com - onReply num=5 value="trackerbot2 CHANTYPES=&# EXCEPTS CHANMODES=eb,k,l,imnpst CHANLIMIT=&#:100 PREFIX=(ov)@+ MAXLIST=be:200 NETWORK=RHAT MODES=4 STATUSMSG=@+ KNOCK CALLERID=g" msg="are supported by this server"
12 Nov 2014 17:52:21,997 DEBUG [Thread-2]: Server: irc.devel.redhat.com - onReply num=5 value="trackerbot2 SAFELIST ELIST=U CASEMAPPING=rfc1459 CHARSET=ascii NICKLEN=32 CHANNELLEN=50 TOPICLEN=350 ETRACE CPRIVMSG CNOTICE DEAF=D MONITOR=100" msg="are supported by this server"
12 Nov 2014 17:52:21,998 DEBUG [Thread-2]: Server: irc.devel.redhat.com - onReply num=5 value="trackerbot2 TARGMAX=NAMES:1,LIST:1,KICK:1,WHOIS:1,PRIVMSG:4,NOTICE:4,ACCEPT:,MONITOR:" msg="are supported by this server"
12 Nov 2014 17:52:21,999 DEBUG [Thread-2]: Server: irc.devel.redhat.com - onReply num=251 value="trackerbot2" msg="There are 2491 users and 425 invisible on 10 servers"
12 Nov 2014 17:52:22,000 DEBUG [Thread-2]: Server: irc.devel.redhat.com - onReply num=252 value="trackerbot2 13" msg="IRC Operators online"
12 Nov 2014 17:52:22,001 DEBUG [Thread-2]: Server: irc.devel.redhat.com - onReply num=253 value="trackerbot2 1" msg="unknown connection(s)"
12 Nov 2014 17:52:22,080 DEBUG [Thread-2]: Server: irc.devel.redhat.com - onReply num=254 value="trackerbot2 1997" msg="channels formed"
12 Nov 2014 17:52:22,081 DEBUG [Thread-2]: Server: irc.devel.redhat.com - onReply num=255 value="trackerbot2" msg="I have 1724 clients and 9 servers"
12 Nov 2014 17:52:22,081 DEBUG [Thread-2]: Server: irc.devel.redhat.com - onReply num=265 value="trackerbot2 1724 1982" msg="Current local users 1724, max 1982"
12 Nov 2014 17:52:22,082 DEBUG [Thread-2]: Server: irc.devel.redhat.com - onReply num=266 value="trackerbot2 2916 3729" msg="Current global users 2916, max 3729"
12 Nov 2014 17:52:22,082 DEBUG [Thread-2]: Server: irc.devel.redhat.com - onReply num=250 value="trackerbot2" msg="Highest connection count: 1991 (1982 clients) (138094 connections received)"
12 Nov 2014 17:52:22,083 DEBUG [Thread-2]: Server: irc.devel.redhat.com - onReply num=375 value="trackerbot2" msg="- irc.devel.redhat.com Message of the Day - "
12 Nov 2014 17:52:22,084 DEBUG [Thread-2]: Server: irc.devel.redhat.com - onReply num=372 value="trackerbot2" msg="-  "
12 Nov 2014 17:52:22,084 DEBUG [Thread-2]: Server: irc.devel.redhat.com - onReply num=372 value="trackerbot2" msg="-  "
12 Nov 2014 17:52:22,085 DEBUG [Thread-2]: Server: irc.devel.redhat.com - onReply num=372 value="trackerbot2" msg="- ============================================================"
12 Nov 2014 17:52:22,085 DEBUG [Thread-2]: Server: irc.devel.redhat.com - onReply num=372 value="trackerbot2" msg="-  Unauthorized Access to this or any Red Hat Inc. device is"
12 Nov 2014 17:52:22,086 DEBUG [Thread-2]: Server: irc.devel.redhat.com - onReply num=372 value="trackerbot2" msg="-  strictly prohibited.  Violators will be prosecuted. All"
12 Nov 2014 17:52:22,086 DEBUG [Thread-2]: Server: irc.devel.redhat.com - onReply num=372 value="trackerbot2" msg="-  communication on this host is considered confidential."
12 Nov 2014 17:52:22,087 DEBUG [Thread-2]: Server: irc.devel.redhat.com - onReply num=372 value="trackerbot2" msg="- ============================================================"
12 Nov 2014 17:52:22,087 DEBUG [Thread-2]: Server: irc.devel.redhat.com - onReply num=372 value="trackerbot2" msg="-                 irc.devel.redhat.com"
12 Nov 2014 17:52:22,088 DEBUG [Thread-2]: Server: irc.devel.redhat.com - onReply num=372 value="trackerbot2" msg="-  "
12 Nov 2014 17:52:22,387 DEBUG [Thread-2]: Server: irc.devel.redhat.com - onReply num=372 value="trackerbot2" msg="- For instructions on how to use irc service (chanserv, nickserv,"
12 Nov 2014 17:52:22,388 DEBUG [Thread-2]: Server: irc.devel.redhat.com - onReply num=372 value="trackerbot2" msg="- userserv, etc) please visit:"
12 Nov 2014 17:52:22,388 DEBUG [Thread-2]: Server: irc.devel.redhat.com - onReply num=372 value="trackerbot2" msg="-  "
12 Nov 2014 17:52:22,388 DEBUG [Thread-2]: Server: irc.devel.redhat.com - onReply num=372 value="trackerbot2" msg="- https://engineering.redhat.com/irc-services.txt"
12 Nov 2014 17:52:22,389 DEBUG [Thread-2]: Server: irc.devel.redhat.com - onReply num=376 value="trackerbot2" msg="End of /MOTD command."
12 Nov 2014 17:52:22,389 DEBUG [Thread-2]: Server: irc.devel.redhat.com - onJoin chan=#trackerbot-channel user=trackerbot2
12 Nov 2014 17:52:22,390 DEBUG [Thread-2]: Server: irc.devel.redhat.com - onReply num=353 value="trackerbot2 = #trackerbot-channel" msg="trackerbot2 @lgao"
12 Nov 2014 17:52:22,390 DEBUG [Thread-2]: Server: irc.devel.redhat.com - onReply num=366 value="trackerbot2 #trackerbot-channel" msg="End of /NAMES list."
12 Nov 2014 17:53:03,565 ERROR [Thread-2]: Error when answer question: "cves of eap:6.2.4" from: lgao
java.lang.IllegalArgumentException: javax.ws.rs.core.GenericType<T> does not specify the type parameter T of GenericType<T>
	at javax.ws.rs.core.GenericType.getTypeArgument(GenericType.java:246)
	at javax.ws.rs.core.GenericType.<init>(GenericType.java:117)
	at org.jboss.eap.trackers.ircbot.RestAPInvoker$1.<init>(RestAPInvoker.java:59)
	at org.jboss.eap.trackers.ircbot.RestAPInvoker.getRestEntity(RestAPInvoker.java:59)
	at org.jboss.eap.trackers.ircbot.CVEListAnswer.answer(CVEListAnswer.java:55)
	at org.jboss.eap.trackers.ircbot.TrackerIRCBean.chatIRC(TrackerIRCBean.java:78)
	at sun.reflect.NativeMethodAccessorImpl.invoke0(Native Method)
	at sun.reflect.NativeMethodAccessorImpl.invoke(NativeMethodAccessorImpl.java:57)
	at sun.reflect.DelegatingMethodAccessorImpl.invoke(DelegatingMethodAccessorImpl.java:43)
	at java.lang.reflect.Method.invoke(Method.java:606)
	at org.apache.camel.component.bean.MethodInfo.invoke(MethodInfo.java:407)
	at org.apache.camel.component.bean.MethodInfo$1.doProceed(MethodInfo.java:278)
	at org.apache.camel.component.bean.MethodInfo$1.proceed(MethodInfo.java:251)
	at org.apache.camel.component.bean.BeanProcessor.process(BeanProcessor.java:166)
	at org.apache.camel.management.InstrumentationProcessor.process(InstrumentationProcessor.java:72)
	at org.apache.camel.processor.RedeliveryErrorHandler.process(RedeliveryErrorHandler.java:398)
	at org.apache.camel.processor.CamelInternalProcessor.process(CamelInternalProcessor.java:191)
	at org.apache.camel.processor.ChoiceProcessor.process(ChoiceProcessor.java:111)
	at org.apache.camel.management.InstrumentationProcessor.process(InstrumentationProcessor.java:72)
	at org.apache.camel.processor.RedeliveryErrorHandler.process(RedeliveryErrorHandler.java:398)
	at org.apache.camel.processor.CamelInternalProcessor.process(CamelInternalProcessor.java:191)
	at org.apache.camel.processor.CamelInternalProcessor.process(CamelInternalProcessor.java:191)
	at org.apache.camel.util.AsyncProcessorHelper.process(AsyncProcessorHelper.java:105)
	at org.apache.camel.processor.DelegateAsyncProcessor.process(DelegateAsyncProcessor.java:87)
	at org.apache.camel.component.irc.IrcConsumer$FilteredIRCEventAdapter.onPrivmsg(IrcConsumer.java:188)
	at org.schwering.irc.lib.IRCConnection.get(IRCConnection.java:430)
	at org.schwering.irc.lib.IRCConnection.run(IRCConnection.java:373)
12 Nov 2014 17:53:03,567 DEBUG [Thread-2]: Server: irc.devel.redhat.com - onPrivmsg target=#trackerbot-channel user=lgao msg="cves of eap:6.2.4"
12 Nov 2014 17:54:27,797 DEBUG [Thread-2]: Returning Cached Connection to irc.devel.redhat.com:trackerbot2
12 Nov 2014 17:54:27,798 DEBUG [Thread-2]: Starting producer: Producer[irc://trackerbot2@irc.devel.redhat.com:6667?onReply=true&realname=trackerbot2&channel=trackerbot-channel]
12 Nov 2014 17:54:27,798 DEBUG [Thread-2]: Returning Cached Connection to irc.devel.redhat.com:trackerbot2
12 Nov 2014 17:54:27,798 DEBUG [Thread-2]: Joining: org.apache.camel.component.irc.IrcChannel@3620f49e using org.schwering.irc.lib.IRCConnection
12 Nov 2014 17:54:27,800 DEBUG [Thread-2]: Adding to producer cache with key: Endpoint[irc://trackerbot2@irc.devel.redhat.com:6667?onReply=true&realname=trackerbot2&channel=trackerbot-channel] for producer: Producer[irc://trackerbot2@irc.devel.redhat.com:6667?onReply=true&realname=trackerbot2&channel=trackerbot-channel]
12 Nov 2014 17:54:27,801 DEBUG [Thread-2]: >>>> Endpoint[irc://trackerbot2@irc.devel.redhat.com:6667?onReply=true&realname=trackerbot2&channel=trackerbot-channel] Exchange[IrcMessage: Version of ironjacamar-jdbc in: "eap:6.2.4" is: 1.0.23.1.Final-redhat-1]
12 Nov 2014 17:54:27,802 DEBUG [Thread-2]: Sending to: #trackerbot-channel message: Version of ironjacamar-jdbc in: "eap:6.2.4" is: 1.0.23.1.Final-redhat-1
12 Nov 2014 17:54:27,802 DEBUG [Thread-2]: Server: irc.devel.redhat.com - onPrivmsg target=#trackerbot-channel user=lgao msg="version of ironjacamar in eap:6.2.4"
12 Nov 2014 17:57:10,151 INFO  [Thread-0]: Received hang up - stopping the main instance.
12 Nov 2014 17:57:10,151 INFO  [Thread-0]: Apache Camel 2.13.2 stopping
12 Nov 2014 17:57:10,152 INFO  [Thread-0]: Apache Camel 2.13.2 (CamelContext: camel-1) is shutting down
12 Nov 2014 17:57:10,152 INFO  [Thread-0]: Starting to graceful shutdown 1 routes (timeout 300 seconds)
12 Nov 2014 17:57:10,153 DEBUG [Thread-0]: Created new ThreadPool for source: org.apache.camel.impl.DefaultShutdownStrategy@6972975c with name: ShutdownTask. -> org.apache.camel.util.concurrent.RejectableThreadPoolExecutor@5cc482f8[Running, pool size = 0, active threads = 0, queued tasks = 0, completed tasks = 0][ShutdownTask]
12 Nov 2014 17:57:10,156 DEBUG [Camel (camel-1) thread #0 - ShutdownTask]: There are 1 routes to shutdown
12 Nov 2014 17:57:10,157 DEBUG [Camel (camel-1) thread #0 - ShutdownTask]: Route: route1 suspended and shutdown deferred, was consuming from: Endpoint[irc://trackerbot2@irc.devel.redhat.com:6667?onReply=true&realname=trackerbot2&channel=trackerbot-channel]
12 Nov 2014 17:57:10,157 DEBUG [Camel (camel-1) thread #0 - ShutdownTask]: Parting: org.apache.camel.component.irc.IrcChannel@3620f49e
12 Nov 2014 17:57:10,157 DEBUG [Camel (camel-1) thread #0 - ShutdownTask]: Stopping consumer: Consumer[irc://trackerbot2@irc.devel.redhat.com:6667?onReply=true&realname=trackerbot2&channel=trackerbot-channel]
12 Nov 2014 17:57:10,158 INFO  [Camel (camel-1) thread #0 - ShutdownTask]: Route: route1 shutdown complete, was consuming from: Endpoint[irc://trackerbot2@irc.devel.redhat.com:6667?onReply=true&realname=trackerbot2&channel=trackerbot-channel]
12 Nov 2014 17:57:10,158 INFO  [Thread-0]: Graceful shutdown of 1 routes completed in 0 seconds
12 Nov 2014 17:57:10,159 DEBUG [Thread-0]: Removed TimerListener: org.apache.camel.management.mbean.ManagedSuspendableRoute@7ae40efd
12 Nov 2014 17:57:10,159 DEBUG [Thread-0]: Unregistered MBean with ObjectName: org.apache.camel:context=camel-1,type=routes,name="route1"
12 Nov 2014 17:57:10,159 DEBUG [Thread-0]: Stopping services on route: route1
12 Nov 2014 17:57:10,160 DEBUG [Thread-0]: Shutting down child service on route: route1 -> Consumer[irc://trackerbot2@irc.devel.redhat.com:6667?onReply=true&realname=trackerbot2&channel=trackerbot-channel]
12 Nov 2014 17:57:10,160 DEBUG [Thread-0]: Unregistered MBean with ObjectName: org.apache.camel:context=camel-1,type=consumers,name=IrcConsumer(0x4a0848f6)
12 Nov 2014 17:57:10,160 DEBUG [Thread-0]: Shutting down child service on route: route1 -> Channel[choice{when Filter[if: header{header(irc.messageType)} == PRIVMSG do: Channel[BeanProcessor[org.jboss.eap.trackers.ircbot.TrackerIRCBean(0x7cb5549e)]]]}]
12 Nov 2014 17:57:10,161 DEBUG [Thread-0]: Shutting down child service on route: route1 -> choice{when Filter[if: header{header(irc.messageType)} == PRIVMSG do: Channel[BeanProcessor[org.jboss.eap.trackers.ircbot.TrackerIRCBean(0x7cb5549e)]]]}
12 Nov 2014 17:57:10,161 DEBUG [Thread-0]: Shutting down child service on route: route1 -> Channel[choice{when Filter[if: header{header(irc.messageType)} == PRIVMSG do: Channel[BeanProcessor[org.jboss.eap.trackers.ircbot.TrackerIRCBean(0x7cb5549e)]]]}]
12 Nov 2014 17:57:10,161 DEBUG [Thread-0]: Shutting down child service on route: route1 -> Filter[if: header{header(irc.messageType)} == PRIVMSG do: Channel[BeanProcessor[org.jboss.eap.trackers.ircbot.TrackerIRCBean(0x7cb5549e)]]]
12 Nov 2014 17:57:10,161 DEBUG [Thread-0]: Shutting down child service on route: route1 -> BeanProcessor[org.jboss.eap.trackers.ircbot.TrackerIRCBean(0x7cb5549e)]
12 Nov 2014 17:57:10,161 DEBUG [Thread-0]: Shutting down child service on route: route1 -> Channel[BeanProcessor[org.jboss.eap.trackers.ircbot.TrackerIRCBean(0x7cb5549e)]]
12 Nov 2014 17:57:10,162 DEBUG [Thread-0]: Shutting down services on route: route1
12 Nov 2014 17:57:10,163 INFO  [Thread-0]: Server: irc.devel.redhat.com - onDisconnected
12 Nov 2014 17:57:10,163 DEBUG [Thread-0]: Clearing BeanInfo cache[size=1, hits=0, misses=1, evicted=0]
12 Nov 2014 17:57:10,163 DEBUG [Thread-0]: Removed TimerListener: org.apache.camel.management.mbean.ManagedCamelContext@2ced9059
12 Nov 2014 17:57:10,163 DEBUG [Thread-0]: Unregistered MBean with ObjectName: org.apache.camel:context=camel-1,type=context,name="camel-1"
12 Nov 2014 17:57:10,164 DEBUG [Thread-0]: Forcing shutdown of ExecutorService: org.apache.camel.util.concurrent.RejectableThreadPoolExecutor@5cc482f8[Running, pool size = 1, active threads = 0, queued tasks = 0, completed tasks = 1][ShutdownTask]
12 Nov 2014 17:57:10,164 DEBUG [Thread-0]: Shutting down with no inflight exchanges.
12 Nov 2014 17:57:10,164 DEBUG [Thread-0]: Stopping service pool: org.apache.camel.impl.SharedProducerServicePool@1e077d66
12 Nov 2014 17:57:10,165 DEBUG [Thread-0]: Ignoring notifying event Stopped CamelContext: camel-1. The EventNotifier has not been started yet: org.apache.camel.impl.DefaultRuntimeEndpointRegistry@52e18cef
12 Nov 2014 17:57:10,165 DEBUG [Thread-0]: Unregistered MBean with ObjectName: org.apache.camel:context=camel-1,type=services,name=DefaultTypeConverter
12 Nov 2014 17:57:10,165 DEBUG [Thread-0]: Unregistered MBean with ObjectName: org.apache.camel:context=camel-1,type=services,name=SharedProducerServicePool
12 Nov 2014 17:57:10,165 DEBUG [Thread-0]: Unregistered MBean with ObjectName: org.apache.camel:context=camel-1,type=eventnotifiers,name=EventNotifier(0x52e18cef)
12 Nov 2014 17:57:10,165 DEBUG [Thread-0]: Unregistered MBean with ObjectName: org.apache.camel:context=camel-1,type=processors,name="bean1"
12 Nov 2014 17:57:10,165 DEBUG [Thread-0]: Unregistered MBean with ObjectName: org.apache.camel:context=camel-1,type=errorhandlers,name="DefaultErrorHandlerBuilder(ref:CamelDefaultErrorHandlerBuilder)"
12 Nov 2014 17:57:10,166 DEBUG [Thread-0]: Unregistered MBean with ObjectName: org.apache.camel:context=camel-1,type=services,name=EndpointRegistry
12 Nov 2014 17:57:10,166 DEBUG [Thread-0]: Unregistered MBean with ObjectName: org.apache.camel:context=camel-1,type=services,name=DefaultPackageScanClassResolver
12 Nov 2014 17:57:10,166 DEBUG [Thread-0]: Unregistered MBean with ObjectName: org.apache.camel:context=camel-1,type=components,name="irc"
12 Nov 2014 17:57:10,166 DEBUG [Thread-0]: Unregistered MBean with ObjectName: org.apache.camel:context=camel-1,type=components,name="bean"
12 Nov 2014 17:57:10,166 DEBUG [Thread-0]: Unregistered MBean with ObjectName: org.apache.camel:context=camel-1,type=tracer,name=BacklogTracer
12 Nov 2014 17:57:10,166 DEBUG [Thread-0]: Unregistered MBean with ObjectName: org.apache.camel:context=camel-1,type=endpoints,name="irc://trackerbot2@irc.devel.redhat.com:6667\?onReply=true&realname=trackerbot2&channel=trackerbot-channel"
12 Nov 2014 17:57:10,166 DEBUG [Thread-0]: Unregistered MBean with ObjectName: org.apache.camel:context=camel-1,type=processors,name="choice1"
12 Nov 2014 17:57:10,166 DEBUG [Thread-0]: Unregistered MBean with ObjectName: org.apache.camel:context=camel-1,type=tracer,name=BacklogDebugger
12 Nov 2014 17:57:10,167 DEBUG [Thread-0]: Unregistered MBean with ObjectName: org.apache.camel:context=camel-1,type=services,name=DefaultInflightRepository
12 Nov 2014 17:57:10,167 DEBUG [Thread-0]: Unregistered MBean with ObjectName: org.apache.camel:context=camel-1,type=services,name=DefaultShutdownStrategy
12 Nov 2014 17:57:10,167 DEBUG [Thread-0]: Unregistered MBean with ObjectName: org.apache.camel:context=camel-1,type=services,name=DefaultExecutorServiceManager
12 Nov 2014 17:57:10,167 DEBUG [Thread-0]: Clearing cache[size=36, hits=51, misses=36, evicted=0]
12 Nov 2014 17:57:10,167 INFO  [Thread-0]: Apache Camel 2.13.2 (CamelContext: camel-1) uptime 4 minutes
12 Nov 2014 17:57:10,167 INFO  [Thread-0]: Apache Camel 2.13.2 (CamelContext: camel-1) is shutdown in 0.015 seconds
12 Nov 2014 17:57:23,990 INFO  [main]: IRC Host Name is NOT specified, will use default host name: irc.devel.redhat.com
12 Nov 2014 17:57:23,991 INFO  [main]: IRC User Name is NOT specified, will use default user name: trackerbot2
12 Nov 2014 17:57:23,991 INFO  [main]: IRC Nick Name is NOT speicified, will use the User Name: trackerbot2 as the nick name.
12 Nov 2014 17:57:23,991 INFO  [main]: IRC Real Name is NOT speicified, will use the User Name: trackerbot2 as the nick name.
12 Nov 2014 17:57:23,991 INFO  [main]: IRC channels are NOT specified, will use default channels: [#trackerbot-channel]
12 Nov 2014 17:57:23,992 INFO  [main]: Tracker REST API is NOT specified, will use default API: http://10.66.78.40:8080/trackers/api/
12 Nov 2014 17:57:24,003 INFO  [main]: Apache Camel 2.13.2 starting
12 Nov 2014 17:57:40,757 INFO  [Thread-0]: Received hang up - stopping the main instance.
12 Nov 2014 17:57:40,758 INFO  [Thread-0]: Apache Camel 2.13.2 stopping
12 Nov 2014 19:11:51,132 INFO  [main]: IRC Host Name is NOT specified, will use default host name: irc.devel.redhat.com
12 Nov 2014 19:11:51,132 INFO  [main]: IRC User Name is NOT specified, will use default user name: trackerbot3
12 Nov 2014 19:11:51,132 INFO  [main]: IRC Nick Name is NOT speicified, will use the User Name: trackerbot3 as the nick name.
12 Nov 2014 19:11:51,132 INFO  [main]: IRC Real Name is NOT speicified, will use the User Name: trackerbot3 as the nick name.
12 Nov 2014 19:11:51,132 INFO  [main]: IRC channels are NOT specified, will use default channels: [#trackerbot-channel]
12 Nov 2014 19:11:51,133 INFO  [main]: Tracker REST API is NOT specified, will use default API: http://10.66.78.40:8080/trackers/api/
12 Nov 2014 19:11:51,144 INFO  [main]: Apache Camel 2.13.2 starting
12 Nov 2014 19:11:52,163 DEBUG [main]: Adding routes from builder: Routes: []
12 Nov 2014 19:11:52,196 INFO  [main]: Apache Camel 2.13.2 (CamelContext: camel-1) is starting
12 Nov 2014 19:11:52,196 DEBUG [main]: Using ClassResolver=org.apache.camel.impl.DefaultClassResolver@6f0f305b, PackageScanClassResolver=org.apache.camel.impl.DefaultPackageScanClassResolver@4e2fdf53, ApplicationContextClassLoader=sun.misc.Launcher$AppClassLoader@3b6cdbb8
12 Nov 2014 19:11:52,197 INFO  [main]: JMX is enabled
12 Nov 2014 19:11:52,246 DEBUG [main]: Starting JMX agent on server: com.sun.jmx.mbeanserver.JmxMBeanServer@19e802ee
12 Nov 2014 19:11:52,333 DEBUG [main]: Registered MBean with ObjectName: org.apache.camel:context=camel-1,type=context,name="camel-1"
12 Nov 2014 19:11:52,333 DEBUG [main]: Added TimerListener: org.apache.camel.management.mbean.ManagedCamelContext@5c3cee0d
12 Nov 2014 19:11:52,368 DEBUG [main]: Registered MBean with ObjectName: org.apache.camel:context=camel-1,type=services,name=DefaultTypeConverter
12 Nov 2014 19:11:52,374 DEBUG [main]: Found 3 packages with 15 @Converter classes to load
12 Nov 2014 19:11:52,429 DEBUG [main]: Loading file META-INF/services/org/apache/camel/TypeConverter to retrieve list of packages, from url: jar:file:/sources/trackers/irc/target/trackers-irc-1.0.0-SNAPSHOT-cli.jar!/META-INF/services/org/apache/camel/TypeConverter
12 Nov 2014 19:11:52,429 DEBUG [main]: No additional package names found in classpath for annotated type converters.
12 Nov 2014 19:11:52,430 INFO  [main]: Loaded 178 type converters
12 Nov 2014 19:11:52,438 DEBUG [main]: Registered MBean with ObjectName: org.apache.camel:context=camel-1,type=services,name=EndpointRegistry
12 Nov 2014 19:11:52,444 DEBUG [main]: Registered MBean with ObjectName: org.apache.camel:context=camel-1,type=services,name=DefaultExecutorServiceManager
12 Nov 2014 19:11:52,448 DEBUG [main]: Registered MBean with ObjectName: org.apache.camel:context=camel-1,type=services,name=SharedProducerServicePool
12 Nov 2014 19:11:52,449 DEBUG [main]: Starting service pool: org.apache.camel.impl.SharedProducerServicePool@1e077d66
12 Nov 2014 19:11:52,451 DEBUG [main]: Registered MBean with ObjectName: org.apache.camel:context=camel-1,type=services,name=DefaultInflightRepository
12 Nov 2014 19:11:52,455 DEBUG [main]: Registered MBean with ObjectName: org.apache.camel:context=camel-1,type=services,name=DefaultShutdownStrategy
12 Nov 2014 19:11:52,460 DEBUG [main]: Registered MBean with ObjectName: org.apache.camel:context=camel-1,type=services,name=DefaultPackageScanClassResolver
12 Nov 2014 19:11:52,465 DEBUG [main]: Registered MBean with ObjectName: org.apache.camel:context=camel-1,type=eventnotifiers,name=EventNotifier(0x52e18cef)
12 Nov 2014 19:11:52,472 DEBUG [main]: Using ComponentResolver: org.apache.camel.impl.DefaultComponentResolver@77c3510 to resolve component with name: irc
12 Nov 2014 19:11:52,472 DEBUG [main]: Found component: irc in registry: null
12 Nov 2014 19:11:52,473 DEBUG [main]: Found component: irc via type: org.apache.camel.component.irc.IrcComponent via: META-INF/services/org/apache/camel/component/irc
12 Nov 2014 19:11:52,485 DEBUG [main]: Registered MBean with ObjectName: org.apache.camel:context=camel-1,type=components,name="irc"
12 Nov 2014 19:11:52,492 DEBUG [main]: Creating endpoint uri=[irc://trackerbot3@irc.devel.redhat.com:6667?onReply=true&realname=trackerbot3&channel=trackerbot-channel], path=[trackerbot3@irc.devel.redhat.com:6667]
12 Nov 2014 19:11:52,510 DEBUG [main]: Configured property: onReply on bean: IrcConfiguration[hostname: irc.devel.redhat.com, ports=[6667], username=trackerbot3] with value: true
12 Nov 2014 19:11:52,510 DEBUG [main]: Configured property: realname on bean: IrcConfiguration[hostname: irc.devel.redhat.com, ports=[6667], username=trackerbot3] with value: trackerbot3
12 Nov 2014 19:11:52,511 DEBUG [main]: Configured property: channel on bean: IrcConfiguration[hostname: irc.devel.redhat.com, ports=[6667], username=trackerbot3] with value: trackerbot-channel
12 Nov 2014 19:11:52,518 DEBUG [main]: irc://trackerbot3@irc.devel.redhat.com:6667?channels=%23trackerbot-channel&nickname=trackerbot3&onReply=true&realname=trackerbot3 converted to endpoint: Endpoint[irc://trackerbot3@irc.devel.redhat.com:6667?onReply=true&realname=trackerbot3&channel=trackerbot-channel] by component: org.apache.camel.component.irc.IrcComponent@25040c15
12 Nov 2014 19:11:52,522 DEBUG [main]: Registered MBean with ObjectName: org.apache.camel:context=camel-1,type=endpoints,name="irc://trackerbot3@irc.devel.redhat.com:6667\?onReply=true&realname=trackerbot3&channel=trackerbot-channel"
12 Nov 2014 19:11:52,550 DEBUG [main]: Using ComponentResolver: org.apache.camel.impl.DefaultComponentResolver@77c3510 to resolve component with name: bean
12 Nov 2014 19:11:52,550 DEBUG [main]: Found component: bean in registry: null
12 Nov 2014 19:11:52,551 DEBUG [main]: Found component: bean via type: org.apache.camel.component.bean.BeanComponent via: META-INF/services/org/apache/camel/component/bean
12 Nov 2014 19:11:52,559 DEBUG [main]: Registered MBean with ObjectName: org.apache.camel:context=camel-1,type=components,name="bean"
12 Nov 2014 19:11:52,570 DEBUG [main]: Initialize channel for target: 'Bean[org.jboss.eap.trackers.ircbot.TrackerIRCBean@7cb5549e]'
12 Nov 2014 19:11:52,581 DEBUG [main]: Registered MBean with ObjectName: org.apache.camel:context=camel-1,type=tracer,name=BacklogTracer
12 Nov 2014 19:11:52,595 DEBUG [main]: Registered MBean with ObjectName: org.apache.camel:context=camel-1,type=tracer,name=BacklogDebugger
12 Nov 2014 19:11:52,625 DEBUG [main]: Registered MBean with ObjectName: org.apache.camel:context=camel-1,type=errorhandlers,name="DefaultErrorHandlerBuilder(ref:CamelDefaultErrorHandlerBuilder)"
12 Nov 2014 19:11:52,627 DEBUG [main]: Initialize channel for target: 'Choice[[When[{header{irc.messageType} == PRIVMSG} -> [Bean[org.jboss.eap.trackers.ircbot.TrackerIRCBean@7cb5549e]]]]]'
12 Nov 2014 19:11:52,632 INFO  [main]: AllowUseOriginalMessage is enabled. If access to the original message is not needed, then its recommended to turn this option off as it may improve performance.
12 Nov 2014 19:11:52,632 INFO  [main]: StreamCaching is not in use. If using streams then its recommended to enable stream caching. See more details at http://camel.apache.org/stream-caching.html
12 Nov 2014 19:11:52,633 DEBUG [main]: Warming up route id: route1 having autoStartup=true
12 Nov 2014 19:11:52,633 DEBUG [main]: Starting services on route: route1
12 Nov 2014 19:11:52,634 DEBUG [main]: Creating Connection to irc.devel.redhat.com destination(s): #trackerbot-channel nick: trackerbot3 user: trackerbot3
12 Nov 2014 19:11:52,636 DEBUG [main]: Adding IRC event logging listener
12 Nov 2014 19:11:53,516 DEBUG [main]: Starting child service on route: route1 -> Channel[choice{when Filter[if: header{irc.messageType} == PRIVMSG do: Channel[BeanProcessor[org.jboss.eap.trackers.ircbot.TrackerIRCBean(0x7cb5549e)]]]}]
12 Nov 2014 19:11:53,516 DEBUG [main]: Redelivery enabled: false on error handler: DefaultErrorHandler[Instrumentation:bean[BeanProcessor[org.jboss.eap.trackers.ircbot.TrackerIRCBean(0x7cb5549e)]]]
12 Nov 2014 19:11:53,517 DEBUG [main]: Redelivery enabled: false on error handler: DefaultErrorHandler[Instrumentation:choice[choice{when Filter[if: header{irc.messageType} == PRIVMSG do: Channel[BeanProcessor[org.jboss.eap.trackers.ircbot.TrackerIRCBean(0x7cb5549e)]]]}]]
12 Nov 2014 19:11:53,517 DEBUG [main]: Starting child service on route: route1 -> choice{when Filter[if: header{irc.messageType} == PRIVMSG do: Channel[BeanProcessor[org.jboss.eap.trackers.ircbot.TrackerIRCBean(0x7cb5549e)]]]}
12 Nov 2014 19:11:53,531 DEBUG [main]: Registered MBean with ObjectName: org.apache.camel:context=camel-1,type=processors,name="choice1"
12 Nov 2014 19:11:53,531 DEBUG [main]: Starting child service on route: route1 -> Channel[choice{when Filter[if: header{irc.messageType} == PRIVMSG do: Channel[BeanProcessor[org.jboss.eap.trackers.ircbot.TrackerIRCBean(0x7cb5549e)]]]}]
12 Nov 2014 19:11:53,531 DEBUG [main]: Starting child service on route: route1 -> Filter[if: header{irc.messageType} == PRIVMSG do: Channel[BeanProcessor[org.jboss.eap.trackers.ircbot.TrackerIRCBean(0x7cb5549e)]]]
12 Nov 2014 19:11:53,532 DEBUG [main]: Starting child service on route: route1 -> BeanProcessor[org.jboss.eap.trackers.ircbot.TrackerIRCBean(0x7cb5549e)]
12 Nov 2014 19:11:53,538 DEBUG [main]: Registered MBean with ObjectName: org.apache.camel:context=camel-1,type=processors,name="bean1"
12 Nov 2014 19:11:53,538 DEBUG [main]: Starting child service on route: route1 -> Channel[BeanProcessor[org.jboss.eap.trackers.ircbot.TrackerIRCBean(0x7cb5549e)]]
12 Nov 2014 19:11:53,555 DEBUG [main]: Registered MBean with ObjectName: org.apache.camel:context=camel-1,type=routes,name="route1"
12 Nov 2014 19:11:53,555 DEBUG [main]: Added TimerListener: org.apache.camel.management.mbean.ManagedSuspendableRoute@7ae40efd
12 Nov 2014 19:11:53,556 DEBUG [main]: Route: route1 >>> EventDrivenConsumerRoute[Endpoint[irc://trackerbot3@irc.devel.redhat.com:6667?onReply=true&realname=trackerbot3&channel=trackerbot-channel] -> Channel[choice{when Filter[if: header{irc.messageType} == PRIVMSG do: Channel[BeanProcessor[org.jboss.eap.trackers.ircbot.TrackerIRCBean(0x7cb5549e)]]]}]]
12 Nov 2014 19:11:53,557 DEBUG [main]: Starting consumer (order: 1000) on route: route1
12 Nov 2014 19:11:53,562 DEBUG [main]: Registered MBean with ObjectName: org.apache.camel:context=camel-1,type=consumers,name=IrcConsumer(0x4a0848f6)
12 Nov 2014 19:11:53,563 DEBUG [main]: Starting consumer: Consumer[irc://trackerbot3@irc.devel.redhat.com:6667?onReply=true&realname=trackerbot3&channel=trackerbot-channel]
12 Nov 2014 19:11:53,563 DEBUG [main]: Returning Cached Connection to irc.devel.redhat.com:trackerbot3
12 Nov 2014 19:11:53,563 DEBUG [main]: Joining: org.apache.camel.component.irc.IrcChannel@3620f49e using org.schwering.irc.lib.IRCConnection
12 Nov 2014 19:11:53,564 INFO  [main]: Route: route1 started and consuming from: Endpoint[irc://trackerbot3@irc.devel.redhat.com:6667?onReply=true&realname=trackerbot3&channel=trackerbot-channel]
12 Nov 2014 19:11:53,564 DEBUG [main]: Load performance statistics disabled
12 Nov 2014 19:11:53,564 INFO  [main]: Total 1 routes, of which 1 is started.
12 Nov 2014 19:11:53,565 INFO  [main]: Apache Camel 2.13.2 (CamelContext: camel-1) started in 1.368 seconds
12 Nov 2014 19:11:53,905 DEBUG [Thread-2]: Server: irc.devel.redhat.com - onNotice target=AUTH user=null msg="*** Processing connection to irc.devel.redhat.com"
12 Nov 2014 19:11:54,310 DEBUG [Thread-2]: Server: irc.devel.redhat.com - onNotice target=AUTH user=null msg="*** Looking up your hostname..."
12 Nov 2014 19:11:54,311 DEBUG [Thread-2]: Server: irc.devel.redhat.com - onNotice target=AUTH user=null msg="*** Checking Ident"
12 Nov 2014 19:11:54,311 DEBUG [Thread-2]: Server: irc.devel.redhat.com - onNotice target=AUTH user=null msg="*** Found your hostname"
12 Nov 2014 19:11:54,313 DEBUG [Thread-2]: Server: irc.devel.redhat.com - onNotice target=AUTH user=null msg="*** No Ident response"
12 Nov 2014 19:11:54,313 INFO  [Thread-2]: Server: irc.devel.redhat.com - onRegistered
12 Nov 2014 19:11:54,324 DEBUG [Thread-2]: Server: irc.devel.redhat.com - onReply num=1 value="trackerbot3" msg="Welcome to the RHAT Internet Relay Chat Network trackerbot3"
12 Nov 2014 19:11:54,324 DEBUG [Thread-2]: Server: irc.devel.redhat.com - onReply num=2 value="trackerbot3" msg="Your host is irc.devel.redhat.com[10.10.161.32/6667], running version ircd-ratbox-2.2.8"
12 Nov 2014 19:11:54,325 DEBUG [Thread-2]: Server: irc.devel.redhat.com - onReply num=3 value="trackerbot3" msg="This server was created Wed Jan 9 2013 at 12:06:18 EST"
12 Nov 2014 19:11:54,325 DEBUG [Thread-2]: Server: irc.devel.redhat.com - onReply num=4 value="trackerbot3 irc.devel.redhat.com ircd-ratbox-2.2.8 oiwszcerkfydnxbauglZCD biklmnopstveI" msg="bkloveI"
12 Nov 2014 19:11:54,325 DEBUG [Thread-2]: Server: irc.devel.redhat.com - onReply num=5 value="trackerbot3 CHANTYPES=&# EXCEPTS CHANMODES=eb,k,l,imnpst CHANLIMIT=&#:100 PREFIX=(ov)@+ MAXLIST=be:200 NETWORK=RHAT MODES=4 STATUSMSG=@+ KNOCK CALLERID=g" msg="are supported by this server"
12 Nov 2014 19:11:54,326 DEBUG [Thread-2]: Server: irc.devel.redhat.com - onReply num=5 value="trackerbot3 SAFELIST ELIST=U CASEMAPPING=rfc1459 CHARSET=ascii NICKLEN=32 CHANNELLEN=50 TOPICLEN=350 ETRACE CPRIVMSG CNOTICE DEAF=D MONITOR=100" msg="are supported by this server"
12 Nov 2014 19:11:54,326 DEBUG [Thread-2]: Server: irc.devel.redhat.com - onReply num=5 value="trackerbot3 TARGMAX=NAMES:1,LIST:1,KICK:1,WHOIS:1,PRIVMSG:4,NOTICE:4,ACCEPT:,MONITOR:" msg="are supported by this server"
12 Nov 2014 19:11:54,327 DEBUG [Thread-2]: Server: irc.devel.redhat.com - onReply num=251 value="trackerbot3" msg="There are 2443 users and 435 invisible on 10 servers"
12 Nov 2014 19:11:54,327 DEBUG [Thread-2]: Server: irc.devel.redhat.com - onReply num=252 value="trackerbot3 13" msg="IRC Operators online"
12 Nov 2014 19:11:54,327 DEBUG [Thread-2]: Server: irc.devel.redhat.com - onReply num=253 value="trackerbot3 1" msg="unknown connection(s)"
12 Nov 2014 19:11:54,328 DEBUG [Thread-2]: Server: irc.devel.redhat.com - onReply num=254 value="trackerbot3 1990" msg="channels formed"
12 Nov 2014 19:11:54,328 DEBUG [Thread-2]: Server: irc.devel.redhat.com - onReply num=255 value="trackerbot3" msg="I have 1676 clients and 9 servers"
12 Nov 2014 19:11:54,328 DEBUG [Thread-2]: Server: irc.devel.redhat.com - onReply num=265 value="trackerbot3 1676 1982" msg="Current local users 1676, max 1982"
12 Nov 2014 19:11:54,329 DEBUG [Thread-2]: Server: irc.devel.redhat.com - onReply num=266 value="trackerbot3 2878 3729" msg="Current global users 2878, max 3729"
12 Nov 2014 19:11:54,329 DEBUG [Thread-2]: Server: irc.devel.redhat.com - onReply num=250 value="trackerbot3" msg="Highest connection count: 1991 (1982 clients) (138313 connections received)"
12 Nov 2014 19:11:54,329 DEBUG [Thread-2]: Server: irc.devel.redhat.com - onReply num=375 value="trackerbot3" msg="- irc.devel.redhat.com Message of the Day - "
12 Nov 2014 19:11:54,330 DEBUG [Thread-2]: Server: irc.devel.redhat.com - onReply num=372 value="trackerbot3" msg="-  "
12 Nov 2014 19:11:54,330 DEBUG [Thread-2]: Server: irc.devel.redhat.com - onReply num=372 value="trackerbot3" msg="-  "
12 Nov 2014 19:11:54,330 DEBUG [Thread-2]: Server: irc.devel.redhat.com - onReply num=372 value="trackerbot3" msg="- ============================================================"
12 Nov 2014 19:11:54,331 DEBUG [Thread-2]: Server: irc.devel.redhat.com - onReply num=372 value="trackerbot3" msg="-  Unauthorized Access to this or any Red Hat Inc. device is"
12 Nov 2014 19:11:54,331 DEBUG [Thread-2]: Server: irc.devel.redhat.com - onReply num=372 value="trackerbot3" msg="-  strictly prohibited.  Violators will be prosecuted. All"
12 Nov 2014 19:11:54,331 DEBUG [Thread-2]: Server: irc.devel.redhat.com - onReply num=372 value="trackerbot3" msg="-  communication on this host is considered confidential."
12 Nov 2014 19:11:54,332 DEBUG [Thread-2]: Server: irc.devel.redhat.com - onReply num=372 value="trackerbot3" msg="- ============================================================"
12 Nov 2014 19:11:54,332 DEBUG [Thread-2]: Server: irc.devel.redhat.com - onReply num=372 value="trackerbot3" msg="-                 irc.devel.redhat.com"
12 Nov 2014 19:11:54,332 DEBUG [Thread-2]: Server: irc.devel.redhat.com - onReply num=372 value="trackerbot3" msg="-  "
12 Nov 2014 19:11:54,727 DEBUG [Thread-2]: Server: irc.devel.redhat.com - onReply num=372 value="trackerbot3" msg="- For instructions on how to use irc service (chanserv, nickserv,"
12 Nov 2014 19:11:54,727 DEBUG [Thread-2]: Server: irc.devel.redhat.com - onReply num=372 value="trackerbot3" msg="- userserv, etc) please visit:"
12 Nov 2014 19:11:54,727 DEBUG [Thread-2]: Server: irc.devel.redhat.com - onReply num=372 value="trackerbot3" msg="-  "
12 Nov 2014 19:11:54,728 DEBUG [Thread-2]: Server: irc.devel.redhat.com - onReply num=372 value="trackerbot3" msg="- https://engineering.redhat.com/irc-services.txt"
12 Nov 2014 19:11:54,728 DEBUG [Thread-2]: Server: irc.devel.redhat.com - onReply num=376 value="trackerbot3" msg="End of /MOTD command."
12 Nov 2014 19:11:54,728 DEBUG [Thread-2]: Server: irc.devel.redhat.com - onJoin chan=#trackerbot-channel user=trackerbot3
12 Nov 2014 19:11:54,729 DEBUG [Thread-2]: Server: irc.devel.redhat.com - onReply num=353 value="trackerbot3 = #trackerbot-channel" msg="trackerbot3 @lgao"
12 Nov 2014 19:11:54,729 DEBUG [Thread-2]: Server: irc.devel.redhat.com - onReply num=366 value="trackerbot3 #trackerbot-channel" msg="End of /NAMES list."
12 Nov 2014 19:12:07,935 DEBUG [Thread-2]: Returning Cached Connection to irc.devel.redhat.com:trackerbot3
12 Nov 2014 19:12:07,936 DEBUG [Thread-2]: Starting producer: Producer[irc://trackerbot3@irc.devel.redhat.com:6667?onReply=true&realname=trackerbot3&channel=trackerbot-channel]
12 Nov 2014 19:12:07,936 DEBUG [Thread-2]: Returning Cached Connection to irc.devel.redhat.com:trackerbot3
12 Nov 2014 19:12:07,936 DEBUG [Thread-2]: Joining: org.apache.camel.component.irc.IrcChannel@3620f49e using org.schwering.irc.lib.IRCConnection
12 Nov 2014 19:12:07,937 DEBUG [Thread-2]: Adding to producer cache with key: Endpoint[irc://trackerbot3@irc.devel.redhat.com:6667?onReply=true&realname=trackerbot3&channel=trackerbot-channel] for producer: Producer[irc://trackerbot3@irc.devel.redhat.com:6667?onReply=true&realname=trackerbot3&channel=trackerbot-channel]
12 Nov 2014 19:12:07,938 DEBUG [Thread-2]: >>>> Endpoint[irc://trackerbot3@irc.devel.redhat.com:6667?onReply=true&realname=trackerbot3&channel=trackerbot-channel] Exchange[IrcMessage: Version of ironjacamar-jdbc in: "eap:6.2.4" is: 1.0.23.1.Final-redhat-1]
12 Nov 2014 19:12:07,939 DEBUG [Thread-2]: Sending to: #trackerbot-channel message: Version of ironjacamar-jdbc in: "eap:6.2.4" is: 1.0.23.1.Final-redhat-1
12 Nov 2014 19:12:07,939 DEBUG [Thread-2]: Server: irc.devel.redhat.com - onPrivmsg target=#trackerbot-channel user=lgao msg="version of ironjacamar in eap:6.2.4"
12 Nov 2014 19:12:12,772 DEBUG [Thread-2]: Returning Cached Connection to irc.devel.redhat.com:trackerbot3
12 Nov 2014 19:12:12,773 DEBUG [Thread-2]: Starting producer: Producer[irc://trackerbot3@irc.devel.redhat.com:6667?onReply=true&realname=trackerbot3&channel=trackerbot-channel]
12 Nov 2014 19:12:12,773 DEBUG [Thread-2]: Returning Cached Connection to irc.devel.redhat.com:trackerbot3
12 Nov 2014 19:12:12,773 DEBUG [Thread-2]: Joining: org.apache.camel.component.irc.IrcChannel@3620f49e using org.schwering.irc.lib.IRCConnection
12 Nov 2014 19:12:12,774 DEBUG [Thread-2]: Adding to producer cache with key: Endpoint[irc://trackerbot3@irc.devel.redhat.com:6667?onReply=true&realname=trackerbot3&channel=trackerbot-channel] for producer: Producer[irc://trackerbot3@irc.devel.redhat.com:6667?onReply=true&realname=trackerbot3&channel=trackerbot-channel]
12 Nov 2014 19:12:12,775 DEBUG [Thread-2]: >>>> Endpoint[irc://trackerbot3@irc.devel.redhat.com:6667?onReply=true&realname=trackerbot3&channel=trackerbot-channel] Exchange[IrcMessage: Not found.]
12 Nov 2014 19:12:12,775 DEBUG [Thread-2]: Sending to: #trackerbot-channel message: Not found.
12 Nov 2014 19:12:12,776 DEBUG [Thread-2]: Server: irc.devel.redhat.com - onPrivmsg target=#trackerbot-channel user=lgao msg="cves of eap:6.2.4"
12 Nov 2014 20:19:47,477 INFO  [Thread-0]: Received hang up - stopping the main instance.
12 Nov 2014 20:19:47,477 INFO  [Thread-0]: Apache Camel 2.13.2 stopping
12 Nov 2014 20:19:47,477 INFO  [Thread-0]: Apache Camel 2.13.2 (CamelContext: camel-1) is shutting down
12 Nov 2014 20:19:47,479 INFO  [Thread-0]: Starting to graceful shutdown 1 routes (timeout 300 seconds)
12 Nov 2014 20:19:47,482 DEBUG [Thread-0]: Created new ThreadPool for source: org.apache.camel.impl.DefaultShutdownStrategy@2808622c with name: ShutdownTask. -> org.apache.camel.util.concurrent.RejectableThreadPoolExecutor@720506e7[Running, pool size = 0, active threads = 0, queued tasks = 0, completed tasks = 0][ShutdownTask]
12 Nov 2014 20:19:47,486 DEBUG [Camel (camel-1) thread #0 - ShutdownTask]: There are 1 routes to shutdown
12 Nov 2014 20:19:47,488 DEBUG [Camel (camel-1) thread #0 - ShutdownTask]: Route: route1 suspended and shutdown deferred, was consuming from: Endpoint[irc://trackerbot3@irc.devel.redhat.com:6667?onReply=true&realname=trackerbot3&channel=trackerbot-channel]
12 Nov 2014 20:19:47,489 DEBUG [Camel (camel-1) thread #0 - ShutdownTask]: Parting: org.apache.camel.component.irc.IrcChannel@3620f49e
12 Nov 2014 20:19:47,490 DEBUG [Camel (camel-1) thread #0 - ShutdownTask]: Stopping consumer: Consumer[irc://trackerbot3@irc.devel.redhat.com:6667?onReply=true&realname=trackerbot3&channel=trackerbot-channel]
12 Nov 2014 20:19:47,491 INFO  [Camel (camel-1) thread #0 - ShutdownTask]: Route: route1 shutdown complete, was consuming from: Endpoint[irc://trackerbot3@irc.devel.redhat.com:6667?onReply=true&realname=trackerbot3&channel=trackerbot-channel]
12 Nov 2014 20:19:47,491 INFO  [Thread-0]: Graceful shutdown of 1 routes completed in 0 seconds
12 Nov 2014 20:19:47,492 DEBUG [Thread-0]: Removed TimerListener: org.apache.camel.management.mbean.ManagedSuspendableRoute@7ae40efd
12 Nov 2014 20:19:47,493 DEBUG [Thread-0]: Unregistered MBean with ObjectName: org.apache.camel:context=camel-1,type=routes,name="route1"
12 Nov 2014 20:19:47,493 DEBUG [Thread-0]: Stopping services on route: route1
12 Nov 2014 20:19:47,494 DEBUG [Thread-0]: Shutting down child service on route: route1 -> Consumer[irc://trackerbot3@irc.devel.redhat.com:6667?onReply=true&realname=trackerbot3&channel=trackerbot-channel]
12 Nov 2014 20:19:47,494 DEBUG [Thread-0]: Unregistered MBean with ObjectName: org.apache.camel:context=camel-1,type=consumers,name=IrcConsumer(0x4a0848f6)
12 Nov 2014 20:19:47,494 DEBUG [Thread-0]: Shutting down child service on route: route1 -> Channel[choice{when Filter[if: header{header(irc.messageType)} == PRIVMSG do: Channel[BeanProcessor[org.jboss.eap.trackers.ircbot.TrackerIRCBean(0x7cb5549e)]]]}]
12 Nov 2014 20:19:47,494 DEBUG [Thread-0]: Shutting down child service on route: route1 -> choice{when Filter[if: header{header(irc.messageType)} == PRIVMSG do: Channel[BeanProcessor[org.jboss.eap.trackers.ircbot.TrackerIRCBean(0x7cb5549e)]]]}
12 Nov 2014 20:19:47,494 DEBUG [Thread-0]: Shutting down child service on route: route1 -> Channel[choice{when Filter[if: header{header(irc.messageType)} == PRIVMSG do: Channel[BeanProcessor[org.jboss.eap.trackers.ircbot.TrackerIRCBean(0x7cb5549e)]]]}]
12 Nov 2014 20:19:47,494 DEBUG [Thread-0]: Shutting down child service on route: route1 -> Filter[if: header{header(irc.messageType)} == PRIVMSG do: Channel[BeanProcessor[org.jboss.eap.trackers.ircbot.TrackerIRCBean(0x7cb5549e)]]]
12 Nov 2014 20:19:47,495 DEBUG [Thread-0]: Shutting down child service on route: route1 -> BeanProcessor[org.jboss.eap.trackers.ircbot.TrackerIRCBean(0x7cb5549e)]
12 Nov 2014 20:19:47,495 DEBUG [Thread-0]: Shutting down child service on route: route1 -> Channel[BeanProcessor[org.jboss.eap.trackers.ircbot.TrackerIRCBean(0x7cb5549e)]]
12 Nov 2014 20:19:47,495 DEBUG [Thread-0]: Shutting down services on route: route1
12 Nov 2014 20:19:47,496 INFO  [Thread-0]: Server: irc.devel.redhat.com - onDisconnected
12 Nov 2014 20:19:47,496 DEBUG [Thread-0]: Clearing BeanInfo cache[size=1, hits=0, misses=1, evicted=0]
12 Nov 2014 20:19:47,497 DEBUG [Thread-0]: Removed TimerListener: org.apache.camel.management.mbean.ManagedCamelContext@4fbaa8a1
12 Nov 2014 20:19:47,497 DEBUG [Thread-0]: Unregistered MBean with ObjectName: org.apache.camel:context=camel-1,type=context,name="camel-1"
12 Nov 2014 20:19:47,497 DEBUG [Thread-0]: Forcing shutdown of ExecutorService: org.apache.camel.util.concurrent.RejectableThreadPoolExecutor@720506e7[Running, pool size = 1, active threads = 0, queued tasks = 0, completed tasks = 1][ShutdownTask]
12 Nov 2014 20:19:47,497 DEBUG [Thread-0]: Shutting down with no inflight exchanges.
12 Nov 2014 20:19:47,498 DEBUG [Thread-0]: Stopping service pool: org.apache.camel.impl.SharedProducerServicePool@1e077d66
12 Nov 2014 20:19:47,498 DEBUG [Thread-0]: Ignoring notifying event Stopped CamelContext: camel-1. The EventNotifier has not been started yet: org.apache.camel.impl.DefaultRuntimeEndpointRegistry@52e18cef
12 Nov 2014 20:19:47,499 DEBUG [Thread-0]: Unregistered MBean with ObjectName: org.apache.camel:context=camel-1,type=services,name=DefaultTypeConverter
12 Nov 2014 20:19:47,499 DEBUG [Thread-0]: Unregistered MBean with ObjectName: org.apache.camel:context=camel-1,type=services,name=SharedProducerServicePool
12 Nov 2014 20:19:47,499 DEBUG [Thread-0]: Unregistered MBean with ObjectName: org.apache.camel:context=camel-1,type=eventnotifiers,name=EventNotifier(0x52e18cef)
12 Nov 2014 20:19:47,499 DEBUG [Thread-0]: Unregistered MBean with ObjectName: org.apache.camel:context=camel-1,type=processors,name="bean1"
12 Nov 2014 20:19:47,499 DEBUG [Thread-0]: Unregistered MBean with ObjectName: org.apache.camel:context=camel-1,type=errorhandlers,name="DefaultErrorHandlerBuilder(ref:CamelDefaultErrorHandlerBuilder)"
12 Nov 2014 20:19:47,500 DEBUG [Thread-0]: Unregistered MBean with ObjectName: org.apache.camel:context=camel-1,type=services,name=EndpointRegistry
12 Nov 2014 20:19:47,500 DEBUG [Thread-0]: Unregistered MBean with ObjectName: org.apache.camel:context=camel-1,type=services,name=DefaultPackageScanClassResolver
12 Nov 2014 20:19:47,500 DEBUG [Thread-0]: Unregistered MBean with ObjectName: org.apache.camel:context=camel-1,type=components,name="irc"
12 Nov 2014 20:19:47,500 DEBUG [Thread-0]: Unregistered MBean with ObjectName: org.apache.camel:context=camel-1,type=components,name="bean"
12 Nov 2014 20:19:47,500 DEBUG [Thread-0]: Unregistered MBean with ObjectName: org.apache.camel:context=camel-1,type=tracer,name=BacklogTracer
12 Nov 2014 20:19:47,500 DEBUG [Thread-0]: Unregistered MBean with ObjectName: org.apache.camel:context=camel-1,type=processors,name="choice1"
12 Nov 2014 20:19:47,501 DEBUG [Thread-0]: Unregistered MBean with ObjectName: org.apache.camel:context=camel-1,type=endpoints,name="irc://trackerbot3@irc.devel.redhat.com:6667\?onReply=true&realname=trackerbot3&channel=trackerbot-channel"
12 Nov 2014 20:19:47,501 DEBUG [Thread-0]: Unregistered MBean with ObjectName: org.apache.camel:context=camel-1,type=tracer,name=BacklogDebugger
12 Nov 2014 20:19:47,501 DEBUG [Thread-0]: Unregistered MBean with ObjectName: org.apache.camel:context=camel-1,type=services,name=DefaultInflightRepository
12 Nov 2014 20:19:47,501 DEBUG [Thread-0]: Unregistered MBean with ObjectName: org.apache.camel:context=camel-1,type=services,name=DefaultShutdownStrategy
12 Nov 2014 20:19:47,501 DEBUG [Thread-0]: Unregistered MBean with ObjectName: org.apache.camel:context=camel-1,type=services,name=DefaultExecutorServiceManager
12 Nov 2014 20:19:47,501 DEBUG [Thread-0]: Clearing cache[size=36, hits=51, misses=36, evicted=0]
12 Nov 2014 20:19:47,502 INFO  [Thread-0]: Apache Camel 2.13.2 (CamelContext: camel-1) uptime 1 hour 7 minutes
12 Nov 2014 20:19:47,502 INFO  [Thread-0]: Apache Camel 2.13.2 (CamelContext: camel-1) is shutdown in 0.025 seconds
